<component name="libraryTable">
  <library name="Junit5">
    <CLASSES>
      <root url="file://$USER_HOME$/Desktop/Junit5" />
    </CLASSES>
    <JAVADOC />
    <SOURCES />
    <jarDirectory url="file://$USER_HOME$/Desktop/Junit5" recursive="false" />
  </library>
</component>